c:\users\luke\documents\agt_template\inter\debug-windows-x86_64\game\vc142.pdb
c:\users\luke\documents\agt_template\inter\debug-windows-x86_64\game\vc142.idb
c:\users\luke\documents\agt_template\inter\debug-windows-x86_64\game\traffic2.obj
c:\users\luke\documents\agt_template\inter\debug-windows-x86_64\game\traffic1.obj
c:\users\luke\documents\agt_template\inter\debug-windows-x86_64\game\snowmobile.obj
c:\users\luke\documents\agt_template\inter\debug-windows-x86_64\game\pickup.obj
c:\users\luke\documents\agt_template\inter\debug-windows-x86_64\game\health.obj
c:\users\luke\documents\agt_template\inter\debug-windows-x86_64\game\game.obj
c:\users\luke\documents\agt_template\inter\debug-windows-x86_64\game\example_layer.obj
c:\users\luke\documents\agt_template\inter\debug-windows-x86_64\game\bounding_box_bullet.obj
c:\users\luke\documents\agt_template\inter\debug-windows-x86_64\game\alpha_sphere.obj
c:\users\luke\documents\agt_template\inter\debug-windows-x86_64\game\quad.obj
c:\users\luke\documents\agt_template\inter\debug-windows-x86_64\game\cross_fade.obj
c:\users\luke\documents\agt_template\inter\debug-windows-x86_64\game\pickup2.obj
c:\users\luke\documents\agt_template\bin\debug-windows-x86_64\game\game.lib
c:\users\luke\documents\agt_template\bin\debug-windows-x86_64\game\game.exp
c:\users\luke\documents\agt_template\bin\debug-windows-x86_64\game\game.exe
c:\users\luke\documents\agt_template\bin\debug-windows-x86_64\game\game.ilk
c:\users\luke\documents\agt_template\bin\debug-windows-x86_64\game\game.pdb
c:\users\luke\documents\agt_template\game\..\bin\debug-windows-x86_64\game\game.exe
c:\users\luke\documents\agt_template\inter\debug-windows-x86_64\game\game.tlog\cl.command.1.tlog
c:\users\luke\documents\agt_template\inter\debug-windows-x86_64\game\game.tlog\cl.read.1.tlog
c:\users\luke\documents\agt_template\inter\debug-windows-x86_64\game\game.tlog\cl.write.1.tlog
c:\users\luke\documents\agt_template\inter\debug-windows-x86_64\game\game.tlog\game.write.1u.tlog
c:\users\luke\documents\agt_template\inter\debug-windows-x86_64\game\game.tlog\link.command.1.tlog
c:\users\luke\documents\agt_template\inter\debug-windows-x86_64\game\game.tlog\link.delete.1.tlog
c:\users\luke\documents\agt_template\inter\debug-windows-x86_64\game\game.tlog\link.read.1.tlog
c:\users\luke\documents\agt_template\inter\debug-windows-x86_64\game\game.tlog\link.write.1.tlog
